2021-03-07 21:31:49 ERROR ExpenseController:46 - dev.nasim.exception.BadFormatException: Response body contained incorrect format
2021-03-07 21:32:33 ERROR ExpenseController:46 - dev.nasim.exception.BadFormatException: Response body contained incorrect format
2021-03-07 21:34:12 ERROR ExpenseController:46 - dev.nasim.exception.BadFormatException: Response body contained incorrect format
2021-03-07 21:39:51 ERROR ExpenseController:49 - dev.nasim.exception.InsufficientPrivilegesException: Insufficient privileges to perform this action
2021-03-07 21:42:58 ERROR ExpenseController:46 - dev.nasim.exception.BadFormatException: Response body contained incorrect format
2021-03-07 21:43:49 ERROR ExpenseController:46 - dev.nasim.exception.BadFormatException: Response body contained incorrect format
2021-03-07 21:46:03 ERROR ExpenseController:46 - dev.nasim.exception.BadFormatException: Response body contained incorrect format
2021-03-07 21:47:41 ERROR ExpenseController:46 - dev.nasim.exception.BadFormatException: Response body contained incorrect format
2021-03-08 00:17:48 ERROR ExpenseController:46 - dev.nasim.exception.BadFormatException: Response body contained incorrect format
2021-03-08 00:20:44 ERROR ExpenseController:46 - dev.nasim.exception.BadFormatException: Response body contained incorrect format
2021-03-08 00:24:40 ERROR ExpenseController:46 - dev.nasim.exception.BadFormatException: Response body contained incorrect format
2021-03-08 00:26:22 ERROR ExpenseController:46 - dev.nasim.exception.BadFormatException: Response body contained incorrect format
2021-03-08 11:09:18 ERROR ExpenseController:46 - dev.nasim.exception.BadFormatException: Response body contained incorrect format
2021-03-08 12:23:50 ERROR ExpenseController:46 - dev.nasim.exception.BadFormatException: Response body contained incorrect format
2021-03-08 12:34:31 ERROR ExpenseController:45 - dev.nasim.exception.BadFormatException: Response body contained incorrect format
2021-03-08 12:39:06 ERROR ExpenseController:46 - dev.nasim.exception.BadFormatException: Response body contained incorrect format
2021-03-08 13:47:16 ERROR ExpenseController:46 - dev.nasim.exception.BadFormatException: Response body contained incorrect format
2021-03-08 13:53:38 INFO  ExpenseController:43 - Employee 3 has submitted a new Expense Request.
2021-03-10 06:56:46 INFO  ExpenseController:43 - Employee 2 has submitted a new Expense Request.
2021-03-11 00:47:01 INFO  ExpenseController:43 - Employee 1 has submitted a new Expense Request.
2021-03-11 00:48:40 INFO  ExpenseController:43 - Employee 2 has submitted a new Expense Request.
2021-03-11 10:42:07 INFO  LoginController:51 - Employee nhb successfully logged in.
2021-03-11 10:43:08 INFO  LoginController:51 - Employee nhb successfully logged in.
2021-03-12 15:15:28 INFO  LoginController:51 - Employee nhb successfully logged in.
2021-03-12 17:07:18 INFO  LoginController:51 - Employee nhb successfully logged in.
2021-03-12 18:01:51 INFO  LoginController:51 - Employee nhb successfully logged in.
2021-03-12 18:01:52 INFO  LoginController:51 - Employee nhb successfully logged in.
2021-03-12 18:01:54 INFO  LoginController:51 - Employee nhb successfully logged in.
2021-03-12 18:05:40 INFO  LoginController:51 - Employee nhb successfully logged in.
2021-03-12 18:05:41 INFO  LoginController:51 - Employee nhb successfully logged in.
2021-03-12 18:05:41 INFO  LoginController:51 - Employee nhb successfully logged in.
2021-03-12 18:05:42 INFO  LoginController:51 - Employee nhb successfully logged in.
2021-03-12 18:05:42 INFO  LoginController:51 - Employee nhb successfully logged in.
2021-03-12 18:16:43 INFO  LoginController:51 - Employee nhb successfully logged in.
2021-03-12 18:16:44 INFO  LoginController:51 - Employee nhb successfully logged in.
2021-03-12 18:16:44 INFO  LoginController:51 - Employee nhb successfully logged in.
2021-03-13 13:21:04 ERROR ExpenseController:71 - dev.nasim.exception.ExpenseNotFoundException: No Expense 2 Found
2021-03-13 13:58:04 INFO  ExpenseController:142 - Expense 18 has been deleted.
2021-03-13 13:58:29 ERROR ExpenseController:71 - dev.nasim.exception.ExpenseNotFoundException: No Expense 18 Found
2021-03-13 14:47:43 INFO  ExpenseController:43 - Employee 2 has submitted a new Expense Request.
2021-03-13 15:02:06 ERROR ExpenseController:120 - dev.nasim.exception.BadFormatException: Response body contained incorrect format
2021-03-13 15:02:43 ERROR ExpenseController:123 - dev.nasim.exception.InsufficientPrivilegesException: Insufficient privileges to perform this action
2021-03-13 15:03:33 ERROR ExpenseController:123 - dev.nasim.exception.InsufficientPrivilegesException: Insufficient privileges to perform this action
2021-03-13 15:05:24 ERROR ExpenseController:123 - dev.nasim.exception.InsufficientPrivilegesException: Insufficient privileges to perform this action
2021-03-13 15:07:38 ERROR ExpenseController:120 - dev.nasim.exception.BadFormatException: Response body contained incorrect format
2021-03-13 15:17:33 ERROR ExpenseController:120 - dev.nasim.exception.BadFormatException: Response body contained incorrect format
2021-03-13 18:20:48 INFO  LoginController:51 - Employee nhb successfully logged in.
2021-03-13 18:22:35 INFO  ExpenseController:43 - Employee 2 has submitted a new Expense Request.
2021-03-14 15:00:57 ERROR LoginController:59 - Unsuccessful login attempt
2021-03-14 15:03:18 ERROR LoginController:59 - Unsuccessful login attempt
2021-03-14 15:04:51 INFO  LoginController:51 - Employee nhb successfully logged in.
2021-03-14 15:06:39 INFO  LoginController:51 - Employee nhb successfully logged in.
2021-03-14 15:07:35 INFO  LoginController:51 - Employee nhb successfully logged in.
2021-03-14 15:08:38 INFO  LoginController:51 - Employee nhb successfully logged in.
2021-03-14 15:12:11 INFO  LoginController:53 - Employee nhb successfully logged in.
2021-03-14 15:13:50 INFO  LoginController:53 - Employee nhb successfully logged in.
2021-03-14 15:15:44 INFO  LoginController:53 - Employee nhb successfully logged in.
2021-03-14 15:18:27 INFO  LoginController:53 - Employee nhb successfully logged in.
2021-03-14 15:18:47 ERROR LoginController:61 - Unsuccessful login attempt
2021-03-14 15:18:51 INFO  LoginController:53 - Employee nhb successfully logged in.
2021-03-14 15:20:01 INFO  LoginController:46 - Manager youtay successfully logged in.
2021-03-14 15:48:33 ERROR ExpenseController:49 - dev.nasim.exception.InsufficientPrivilegesException: Insufficient privileges to perform this action
2021-03-14 16:50:07 INFO  LoginController:53 - Employee nhb successfully logged in.
2021-03-14 16:50:08 INFO  LoginController:53 - Employee nhb successfully logged in.
2021-03-14 16:50:26 ERROR ExpenseController:46 - dev.nasim.exception.BadFormatException: Response body contained incorrect format
2021-03-14 16:50:49 INFO  LoginController:46 - Manager youtay successfully logged in.
2021-03-14 17:35:21 ERROR ExpenseController:49 - dev.nasim.exception.InsufficientPrivilegesException: Insufficient privileges to perform this action
2021-03-14 17:43:29 INFO  LoginController:46 - Manager youtay successfully logged in.
2021-03-14 17:48:29 INFO  LoginController:46 - Manager youtay successfully logged in.
2021-03-14 17:51:32 INFO  LoginController:46 - Manager youtay successfully logged in.
2021-03-14 18:10:41 INFO  LoginController:46 - Manager youtay successfully logged in.
2021-03-14 20:05:07 ERROR ExpenseController:120 - dev.nasim.exception.BadFormatException: Response body contained incorrect format
2021-03-14 20:07:36 INFO  ExpenseController:100 - Expense 19 has been approved.
2021-03-14 20:12:33 ERROR ExpenseController:120 - dev.nasim.exception.BadFormatException: Response body contained incorrect format
2021-03-14 20:13:07 ERROR ExpenseController:120 - dev.nasim.exception.BadFormatException: Response body contained incorrect format
2021-03-14 20:17:09 ERROR ExpenseController:120 - dev.nasim.exception.BadFormatException: Response body contained incorrect format
2021-03-14 20:17:24 ERROR ExpenseController:120 - dev.nasim.exception.BadFormatException: Response body contained incorrect format
2021-03-14 20:18:26 ERROR ExpenseController:120 - dev.nasim.exception.BadFormatException: Response body contained incorrect format
2021-03-14 20:19:12 ERROR ExpenseController:120 - dev.nasim.exception.BadFormatException: Response body contained incorrect format
2021-03-14 20:19:59 ERROR ExpenseController:120 - dev.nasim.exception.BadFormatException: Response body contained incorrect format
2021-03-14 20:27:33 INFO  LoginController:46 - Manager youtay successfully logged in.
2021-03-14 20:27:42 INFO  ExpenseController:100 - Expense 20 has been approved.
2021-03-14 20:29:58 INFO  LoginController:53 - Employee nhb successfully logged in.
2021-03-14 20:30:42 INFO  ExpenseController:43 - Employee 2 has submitted a new Expense Request.
2021-03-14 20:37:20 INFO  LoginController:46 - Manager youtay successfully logged in.
2021-03-14 20:37:38 INFO  ExpenseController:100 - Expense 23 has been approved.
2021-03-14 20:38:20 INFO  LoginController:53 - Employee nhb successfully logged in.
2021-03-14 20:39:52 INFO  ExpenseController:43 - Employee 2 has submitted a new Expense Request.
2021-03-15 06:24:24 INFO  LoginController:46 - Manager youtay successfully logged in.
2021-03-15 06:24:41 INFO  ExpenseController:104 - Expense 21 has been denied.
2021-03-15 06:40:10 INFO  LoginController:53 - Employee nhb successfully logged in.
2021-03-15 06:41:26 INFO  ExpenseController:43 - Employee 2 has submitted a new Expense Request.
2021-03-15 06:42:02 INFO  LoginController:46 - Manager youtay successfully logged in.
2021-03-15 06:42:34 INFO  ExpenseController:104 - Expense 27 has been denied.
2021-03-15 08:14:49 INFO  LoginController:53 - Employee nhb successfully logged in.
2021-03-15 08:28:50 INFO  LoginController:53 - Employee nhb successfully logged in.
2021-03-15 08:28:50 INFO  LoginController:53 - Employee nhb successfully logged in.
2021-03-15 08:28:51 INFO  LoginController:53 - Employee nhb successfully logged in.
2021-03-15 08:28:51 INFO  LoginController:53 - Employee nhb successfully logged in.
2021-03-15 08:30:18 INFO  LoginController:53 - Employee nhb successfully logged in.
2021-03-15 08:31:34 INFO  ExpenseController:43 - Employee 2 has submitted a new Expense Request.
2021-03-15 08:32:49 INFO  ExpenseController:43 - Employee 2 has submitted a new Expense Request.
2021-03-15 08:35:44 INFO  LoginController:53 - Employee mtr successfully logged in.
2021-03-15 08:36:52 INFO  ExpenseController:43 - Employee 3 has submitted a new Expense Request.
2021-03-15 08:39:26 INFO  LoginController:46 - Manager youtay successfully logged in.
2021-03-15 08:44:25 INFO  LoginController:53 - Employee mtr successfully logged in.
2021-03-15 08:46:43 INFO  LoginController:53 - Employee nhb successfully logged in.
2021-03-15 08:50:54 INFO  LoginController:53 - Employee mtr successfully logged in.
2021-03-15 08:51:45 INFO  ExpenseController:43 - Employee 3 has submitted a new Expense Request.
2021-03-15 08:54:08 INFO  ExpenseController:43 - Employee 3 has submitted a new Expense Request.
2021-03-15 09:53:47 INFO  ExpenseController:43 - Employee 3 has submitted a new Expense Request.
2021-03-15 09:56:41 INFO  ExpenseController:43 - Employee 3 has submitted a new Expense Request.
2021-03-15 10:00:50 INFO  LoginController:46 - Manager youtay successfully logged in.
2021-03-15 10:50:03 INFO  LoginController:53 - Employee nhb successfully logged in.
2021-03-15 11:02:34 INFO  LoginController:53 - Employee viana successfully logged in.
2021-03-15 11:03:03 INFO  ExpenseController:43 - Employee 4 has submitted a new Expense Request.
2021-03-15 11:19:35 INFO  LoginController:46 - Manager youtay successfully logged in.
2021-03-15 11:45:50 INFO  LoginController:53 - Employee viana successfully logged in.
2021-03-15 11:46:29 INFO  ExpenseController:43 - Employee 4 has submitted a new Expense Request.
2021-03-15 11:46:53 ERROR LoginController:61 - Unsuccessful login attempt
2021-03-15 11:47:05 INFO  LoginController:46 - Manager youtay successfully logged in.
2021-03-15 11:47:20 INFO  ExpenseController:100 - Expense 36 has been approved.
2021-03-15 11:47:31 INFO  ExpenseController:104 - Expense 35 has been denied.
2021-03-15 11:47:50 INFO  LoginController:46 - Manager youtay successfully logged in.
